<?xml version="1.0" encoding="UTF-8"?>
<testng-results skipped="0" failed="0" total="1" passed="1">
  <reporter-output>
  </reporter-output>
  <suite name="Suite" duration-ms="38" started-at="2021-05-29T09:29:57Z" finished-at="2021-05-29T09:29:57Z">
    <groups>
    </groups>
    <test name="Test" duration-ms="38" started-at="2021-05-29T09:29:57Z" finished-at="2021-05-29T09:29:57Z">
      <class name="maven.TestCase1">
        <test-method status="PASS" signature="testMethod()[pri:0, instance:maven.TestCase1@31206beb]" name="testMethod" duration-ms="15" started-at="2021-05-29T14:59:57Z" finished-at="2021-05-29T14:59:57Z">
          <reporter-output>
          </reporter-output>
        </test-method> <!-- testMethod -->
      </class> <!-- maven.TestCase1 -->
    </test> <!-- Test -->
  </suite> <!-- Suite -->
</testng-results>
